update 25633 1774250471365054205
update 31627 1774250471381195797
update 21152 1774250471396957145
update 6739 1774250471411584821
update 30467 1774250471426230977
update 29414 1774250471440988524
update 17094 1774250471456501330
update 23047 1774250471471301187
update 22808 1774250471489362790
update 18872 1774250471503393249
update 23249 1774250471517649391
update 23579 1774250471533183736
update 12913 1774250471548869253
update 16426 1774250471563517810
update 1094 1774250471578405908
update 14620 1774250471594000844
update 28674 1774250471609679252
update 18639 1774250471626235368
update 13941 1774250471643915666
update 30614 1774250471657971846
update 11014 1774250471675795935
